<?xml version="1.0" encoding="UTF-8"?>
<!-- Generated by org.testng.reporters.JUnitReportReporter -->
<testsuite name="com.turktelekom.mobiletest.mobile.MobileHomePageTest" tests="1" time="44.422" ignored="0" failures="0" timestamp="05 Kas 2019 06:29:06 GMT" skipped="0" hostname="DESKTOP-1ER5758" errors="0">
  <testcase name="open_mobile_home" time="44.422" classname="com.turktelekom.mobiletest.mobile.MobileHomePageTest"/>
</testsuite> <!-- com.turktelekom.mobiletest.mobile.MobileHomePageTest -->
