<?xml version="1.0" encoding="UTF-8"?>
<!-- Generated by org.testng.reporters.JUnitReportReporter -->
<testsuite name="com.turktelekom.mobiletest.BaseTest" tests="1" time="3.134" ignored="0" failures="0" timestamp="03 Kas 2019 09:59:40 GMT" skipped="0" hostname="DESKTOP-1ER5758" errors="0">
  <testcase name="clickLoginButtonTest" time="3.134" classname="com.turktelekom.mobiletest.BaseTest"/>
</testsuite> <!-- com.turktelekom.mobiletest.BaseTest -->
