<?xml version="1.0" encoding="UTF-8"?>
<!-- Generated by org.testng.reporters.JUnitReportReporter -->
<testsuite name="com.turktelekom.mobiletest.MobilLoginAndroidTest" tests="1" time="23.599" ignored="0" failures="0" timestamp="03 Kas 2019 12:32:04 GMT" skipped="0" hostname="DESKTOP-1ER5758" errors="0">
  <testcase name="login" time="23.599" classname="com.turktelekom.mobiletest.MobilLoginAndroidTest"/>
</testsuite> <!-- com.turktelekom.mobiletest.MobilLoginAndroidTest -->
