<?xml version="1.0" encoding="UTF-8"?>
<!-- Generated by org.testng.reporters.JUnitReportReporter -->
<testsuite name="com.turktelekom.mobiletest.internet.BillsPageTest" tests="1" time="35.146" ignored="0" failures="0" timestamp="05 Kas 2019 07:29:15 GMT" skipped="0" hostname="DESKTOP-1ER5758" errors="0">
  <testcase name="viewBill" time="35.146" classname="com.turktelekom.mobiletest.internet.BillsPageTest"/>
</testsuite> <!-- com.turktelekom.mobiletest.internet.BillsPageTest -->
