<?xml version="1.0" encoding="UTF-8"?>
<!-- Generated by org.testng.reporters.JUnitReportReporter -->
<testsuite name="com.turktelekom.mobiletest.MobilHomePageTest" tests="1" time="44.711" ignored="0" failures="0" timestamp="03 Kas 2019 20:38:22 GMT" skipped="0" hostname="DESKTOP-1ER5758" errors="0">
  <testcase name="it_should_open_mobile_home" time="44.711" classname="com.turktelekom.mobiletest.MobilHomePageTest"/>
</testsuite> <!-- com.turktelekom.mobiletest.MobilHomePageTest -->
