<?xml version="1.0" encoding="UTF-8"?>
<!-- Generated by org.testng.reporters.JUnitReportReporter -->
<testsuite name="com.turktelekom.mobiletest.mobile.MyUsePageTest" tests="1" time="58.512" ignored="0" failures="0" timestamp="05 Kas 2019 06:47:38 GMT" skipped="0" hostname="DESKTOP-1ER5758" errors="0">
  <testcase name="view_my_use" time="58.512" classname="com.turktelekom.mobiletest.mobile.MyUsePageTest"/>
</testsuite> <!-- com.turktelekom.mobiletest.mobile.MyUsePageTest -->
