<?xml version="1.0" encoding="UTF-8"?>
<!-- Generated by org.testng.reporters.JUnitReportReporter -->
<testsuite name="com.turktelekom.mobiletest.mobile.MobileLoginAndroidTest" tests="1" time="18.719" ignored="0" failures="0" timestamp="05 Kas 2019 06:22:12 GMT" skipped="0" hostname="DESKTOP-1ER5758" errors="0">
  <testcase name="login" time="18.719" classname="com.turktelekom.mobiletest.mobile.MobileLoginAndroidTest"/>
</testsuite> <!-- com.turktelekom.mobiletest.mobile.MobileLoginAndroidTest -->
