<?xml version="1.0" encoding="UTF-8"?>
<!-- Generated by org.testng.reporters.JUnitReportReporter -->
<testsuite name="com.turktelekom.mobiletest.internet.InternetLoginAndroidTest" tests="1" time="23.907" ignored="0" failures="0" timestamp="04 Kas 2019 18:06:37 GMT" skipped="0" hostname="DESKTOP-1ER5758" errors="0">
  <testcase name="login" time="23.907" classname="com.turktelekom.mobiletest.internet.InternetLoginAndroidTest"/>
</testsuite> <!-- com.turktelekom.mobiletest.internet.InternetLoginAndroidTest -->
