<?xml version="1.0" encoding="UTF-8"?>
<!-- Generated by org.testng.reporters.JUnitReportReporter -->
<testsuite name="com.turktelekom.mobiletest.MobileMoneyStatementsPageTest" tests="1" time="57.013" ignored="0" failures="0" timestamp="04 Kas 2019 08:21:54 GMT" skipped="0" hostname="DESKTOP-1ER5758" errors="0">
  <testcase name="view_available_balance" time="57.013" classname="com.turktelekom.mobiletest.MobileMoneyStatementsPageTest"/>
</testsuite> <!-- com.turktelekom.mobiletest.MobileMoneyStatementsPageTest -->
