<?xml version="1.0" encoding="UTF-8"?>
<!-- Generated by org.testng.reporters.JUnitReportReporter -->
<testsuite name="com.turktelekom.mobiletest.internet.InternetLoginPageTest" tests="1" time="24.189" ignored="0" failures="0" timestamp="05 Kas 2019 06:59:51 GMT" skipped="0" hostname="DESKTOP-1ER5758" errors="0">
  <testcase name="login" time="24.189" classname="com.turktelekom.mobiletest.internet.InternetLoginPageTest"/>
</testsuite> <!-- com.turktelekom.mobiletest.internet.InternetLoginPageTest -->
