<?xml version="1.0" encoding="UTF-8"?>
<!-- Generated by org.testng.reporters.JUnitReportReporter -->
<testsuite name="com.turktelekom.mobiletest.MobilHomePagePopUpTest" tests="1" time="32.617" ignored="0" failures="0" timestamp="03 Kas 2019 18:22:49 GMT" skipped="0" hostname="DESKTOP-1ER5758" errors="0">
  <testcase name="popUps" time="32.617" classname="com.turktelekom.mobiletest.MobilHomePagePopUpTest"/>
</testsuite> <!-- com.turktelekom.mobiletest.MobilHomePagePopUpTest -->
