<?xml version="1.0" encoding="UTF-8"?>
<!-- Generated by org.testng.reporters.JUnitReportReporter -->
<testsuite name="com.turktelekom.mobiletest.internet.InternetHomePageTest" tests="1" time="33.957" ignored="0" failures="0" timestamp="05 Kas 2019 07:24:53 GMT" skipped="0" hostname="DESKTOP-1ER5758" errors="0">
  <testcase name="homePage" time="33.957" classname="com.turktelekom.mobiletest.internet.InternetHomePageTest"/>
</testsuite> <!-- com.turktelekom.mobiletest.internet.InternetHomePageTest -->
