<?xml version="1.0" encoding="UTF-8"?>
<!-- Generated by org.testng.reporters.JUnitReportReporter -->
<testsuite name="com.turktelekom.mobiletest.mobile.MoneyStatementsPageTest" tests="1" time="57.822" ignored="0" failures="0" timestamp="05 Kas 2019 06:51:15 GMT" skipped="0" hostname="DESKTOP-1ER5758" errors="0">
  <testcase name="view_available_balance" time="57.822" classname="com.turktelekom.mobiletest.mobile.MoneyStatementsPageTest"/>
</testsuite> <!-- com.turktelekom.mobiletest.mobile.MoneyStatementsPageTest -->
