<?xml version="1.0" encoding="UTF-8"?>
<!-- Generated by org.testng.reporters.JUnitReportReporter -->
<testsuite name="com.turktelekom.mobiletest.MobilTest" tests="1" time="0.841" ignored="0" failures="0" timestamp="03 Kas 2019 09:00:28 GMT" skipped="0" hostname="DESKTOP-1ER5758" errors="0">
  <testcase name="mobilButtonClick" time="0.841" classname="com.turktelekom.mobiletest.MobilTest"/>
</testsuite> <!-- com.turktelekom.mobiletest.MobilTest -->
